<?xml version="1.0" encoding="UTF-8"?>
<!--
    Licensed to the Apache Software Foundation (ASF) under one
    or more contributor license agreements.  See the NOTICE file
    distributed with this work for additional information
    regarding copyright ownership.  The ASF licenses this file
    to you under the Apache License, Version 2.0 (the
    "License"); you may not use this file except in compliance
    with the License.  You may obtain a copy of the License at
      http://www.apache.org/licenses/LICENSE-2.0
    Unless required by applicable law or agreed to in writing,
    software distributed under the License is distributed on an
    "AS IS" BASIS, WITHOUT WARRANTIES OR CONDITIONS OF ANY
    KIND, either express or implied.  See the License for the
    specific language governing permissions and limitations
    under the License.
-->

<!-- BEGIN:ActionsExample -->
<actions>
    <actions>
        <action>
            <!-- This is a completely new action available for the default configuration -->
            <actionName>extra</actionName>
            <goals>
                <goal>help:effective-pom</goal>
            </goals>
            <properties>
            </properties>
        </action>
    </actions>
    <profiles>
        <profile>
            <!-- Configuration ID; actions from same configurations will merge -->
            <id>example-conf</id>
            <!-- Display name for the user -->
            <displayName>Example Configuration</displayName>
            <actions>
                <action>
                    <!-- run standard action is changed in this configuration -->
                    <actionName>run</actionName>
                    <goals>
                        <goal>mn:run</goal>
                    </goals>
                    <properties>
                        <exec.vmArgs></exec.vmArgs>
                        <exec.args>${exec.vmArgs} -classpath %classpath ${exec.mainClass} ${exec.appArgs}</exec.args>
                        <exec.appArgs></exec.appArgs>
                        <exec.mainClass>${packageClassName}</exec.mainClass>
                    </properties>
                </action>
                <action>
                    <!-- Since Maven 2.149, one can disable an action, so it is not inherited from the default
                         configuration. Disabled actions have no goals -->
                    <actionName>debug</actionName>
                </action>
            </actions>
        </profile>
    </profiles>
</actions>
<!-- END:ActionsExample -->